TN:
SF:unit-basic/src/mock/TDD/stack.js
FN:2,Stack
FN:7,size
FN:11,push
FN:17,pop
FN:26,peek
FNF:5
FNH:5
FNDA:6,Stack
FNDA:4,size
FNDA:5,push
FNDA:2,pop
FNDA:2,peek
DA:1,1
DA:2,1
DA:3,6
DA:4,6
DA:5,6
DA:6,1
DA:7,1
DA:8,4
DA:9,4
DA:10,1
DA:11,1
DA:12,5
DA:13,5
DA:14,5
DA:15,5
DA:16,1
DA:17,1
DA:18,2
DA:19,1
DA:20,1
DA:21,1
DA:22,1
DA:23,1
DA:24,1
DA:25,1
DA:26,1
DA:27,2
DA:28,1
DA:29,1
DA:30,1
DA:31,1
DA:32,1
LF:32
LH:32
BRDA:2,0,0,6
BRDA:7,1,0,4
BRDA:11,2,0,5
BRDA:17,3,0,2
BRDA:18,4,0,1
BRDA:26,5,0,2
BRDA:27,6,0,1
BRF:7
BRH:7
end_of_record
